Removed Pin From Net: NetName=A_Buf Pin=U1-31
Removed Pin From Net: NetName=B_Buf Pin=U1-33
Removed Pin From Net: NetName=C_Buf Pin=U1-34
Removed Pin From Net: NetName=D_Buf Pin=U1-35
Removed Pin From Net: NetName=E_Buf Pin=U1-36
Removed Pin From Net: NetName=F_Buf Pin=U1-37
Removed Pin From Net: NetName=G_Buf Pin=U1-39
Removed Pin From Net: NetName=._Buf Pin=U1-40
Removed Pin From Net: NetName=BUT_RISE1 Pin=U1-42
Removed Pin From Net: NetName=BUT_RISE2 Pin=U1-43
Removed Pin From Net: NetName=STEP_1 Pin=U1-44
Removed Pin From Net: NetName=STEP_2 Pin=U1-45
Removed Pin From Net: NetName=STEP_3 Pin=U1-46
Removed Pin From Net: NetName=STEP_4 Pin=U1-48
Added Pin To Net: NetName=STEP_1 Pin=U1-31
Added Pin To Net: NetName=STEP_2 Pin=U1-33
Added Pin To Net: NetName=STEP_3 Pin=U1-34
Added Pin To Net: NetName=STEP_4 Pin=U1-35
Added Pin To Net: NetName=A_Buf Pin=U1-36
Added Pin To Net: NetName=B_Buf Pin=U1-37
Added Pin To Net: NetName=C_Buf Pin=U1-39
Added Pin To Net: NetName=D_Buf Pin=U1-40
Added Pin To Net: NetName=E_Buf Pin=U1-42
Added Pin To Net: NetName=F_Buf Pin=U1-43
Added Pin To Net: NetName=G_Buf Pin=U1-44
Added Pin To Net: NetName=._Buf Pin=U1-45
Added Pin To Net: NetName=BUT_RISE1 Pin=U1-46
Added Pin To Net: NetName=BUT_RISE2 Pin=U1-48
Added Room: Name=FPGA1
