Removed Pin From Net: NetName=PP93 Pin=U1-80
Removed Pin From Net: NetName=PP81 Pin=U1-81
Removed Pin From Net: NetName=PP85 Pin=U1-85
Removed Pin From Net: NetName=PP86 Pin=U1-86
Removed Pin From Net: NetName=PP87 Pin=U1-87
Removed Pin From Net: NetName=PP90 Pin=U1-90
Removed Pin From Net: NetName=PP85 Pin=U1-93
Removed Pin From Net: NetName=PP94 Pin=U1-94
Removed Pin From Net: NetName=PP95 Pin=U1-95
Removed Pin From Net: NetName=PP96 Pin=U1-96
Removed Pin From Net: NetName=PP97 Pin=U1-97
Removed Pin From Net: NetName=PP100 Pin=U1-100
Removed Pin From Net: NetName=PP122 Pin=U1-122
Removed Pin From Net: NetName=PP123 Pin=U1-123
Removed Pin From Net: NetName=PP124 Pin=U1-124
Removed Pin From Net: NetName=PP125 Pin=U1-125
Removed Pin From Net: NetName=PP126 Pin=U1-126
Removed Pin From Net: NetName=PP128 Pin=U1-128
Removed Pin From Net: NetName=PP130 Pin=U1-130
Removed Pin From Net: NetName=PP131 Pin=U1-131
Removed Pin From Net: NetName=PP132 Pin=U1-132
Removed Pin From Net: NetName=PP133 Pin=U1-133
Removed Pin From Net: NetName=PP135 Pin=U1-135
Removed Pin From Net: NetName=PP147 Pin=U1-137
Removed Pin From Net: NetName=PP148 Pin=U1-138
Removed Pin From Net: NetName=PB55 Pin=U1-139
Removed Pin From Net: NetName=PB56 Pin=U1-140
Removed Pin From Net: NetName=PB57 Pin=U1-141
Removed Pin From Net: NetName=PC54 Pin=U1-143
Removed Pin From Net: NetName=PC51 Pin=U1-144
Removed Pin From Net: NetName=PC52 Pin=U1-146
Removed Pin From Net: NetName=PC53 Pin=U1-147
Removed Pin From Net: NetName=PB50 Pin=U1-148
Removed Pin From Net: NetName=RXD_FT2232/MPSSE_TDI Pin=U1-149
Removed Pin From Net: NetName=TXD_FT2232/MPSSE_TCK Pin=U1-150
Removed Pin From Net: NetName=A9 Pin=U1-152
Removed Pin From Net: NetName=A8 Pin=U1-154
Removed Pin From Net: NetName=A7 Pin=U1-155
Removed Pin From Net: NetName=A6 Pin=U1-156
Removed Pin From Net: NetName=A5 Pin=U1-161
Added Pin To Net: NetName=PP81 Pin=U1-80
Added Pin To Net: NetName=PP85 Pin=U1-81
Added Pin To Net: NetName=PP86 Pin=U1-85
Added Pin To Net: NetName=PP87 Pin=U1-86
Added Pin To Net: NetName=PP90 Pin=U1-87
Added Pin To Net: NetName=PP93 Pin=U1-90
Added Pin To Net: NetName=PP94 Pin=U1-93
Added Pin To Net: NetName=PP95 Pin=U1-94
Added Pin To Net: NetName=PP96 Pin=U1-95
Added Pin To Net: NetName=PP97 Pin=U1-96
Added Pin To Net: NetName=PP100 Pin=U1-97
Added Pin To Net: NetName=PP122 Pin=U1-100
Added Pin To Net: NetName=PP123 Pin=U1-122
Added Pin To Net: NetName=PP124 Pin=U1-123
Added Pin To Net: NetName=PP125 Pin=U1-124
Added Pin To Net: NetName=PP126 Pin=U1-125
Added Pin To Net: NetName=PP128 Pin=U1-126
Added Pin To Net: NetName=PP130 Pin=U1-128
Added Pin To Net: NetName=PP131 Pin=U1-130
Added Pin To Net: NetName=PP132 Pin=U1-131
Added Pin To Net: NetName=PP133 Pin=U1-132
Added Pin To Net: NetName=PP135 Pin=U1-133
Added Pin To Net: NetName=PP147 Pin=U1-135
Added Pin To Net: NetName=PP148 Pin=U1-137
Added Pin To Net: NetName=PB55 Pin=U1-138
Added Pin To Net: NetName=PB56 Pin=U1-139
Added Pin To Net: NetName=PB57 Pin=U1-140
Added Pin To Net: NetName=PC54 Pin=U1-141
Added Pin To Net: NetName=PC51 Pin=U1-143
Added Pin To Net: NetName=PC52 Pin=U1-144
Added Pin To Net: NetName=PC53 Pin=U1-146
Added Pin To Net: NetName=PB50 Pin=U1-147
Added Pin To Net: NetName=RXD_FT2232/MPSSE_TDI Pin=U1-148
Added Pin To Net: NetName=TXD_FT2232/MPSSE_TCK Pin=U1-149
Added Pin To Net: NetName=A9 Pin=U1-150
Added Pin To Net: NetName=A8 Pin=U1-152
Added Pin To Net: NetName=A7 Pin=U1-154
Added Pin To Net: NetName=A6 Pin=U1-155
Added Pin To Net: NetName=A5 Pin=U1-156
Added Room: Name=FPGA1
