Added Pin To Net: NetName=GND Pin=C19-1
Added Pin To Net: NetName=NetLCD1_2 Pin=C19-2
Added Pin To Net: NetName=GND Pin=C24-1
Added Pin To Net: NetName=GND Pin=C33-1
Added Pin To Net: NetName=NetLCD1_2 Pin=C36-2
Added Pin To Net: NetName=GND Pin=C37-1
Added Pin To Net: NetName=NetC1_2 Pin=C37-2
Added Pin To Net: NetName=GND Pin=C38-1
Added Pin To Net: NetName=NetC1_2 Pin=C38-2
Added Pin To Net: NetName=GND Pin=C39-1
Added Pin To Net: NetName=NetC1_2 Pin=C39-2
Added Pin To Net: NetName=GND Pin=C40-1
Added Pin To Net: NetName=NetC1_2 Pin=C40-2
Added Pin To Net: NetName=GND Pin=C41-1
Added Pin To Net: NetName=GND Pin=C42-1
Added Pin To Net: NetName=NetLCD1_2 Pin=C42-2
Added Pin To Net: NetName=NetC1_2 Pin=C43-1
Added Pin To Net: NetName=GND Pin=C44-1
Added Pin To Net: NetName=NetLCD1_2 Pin=C44-2
Added Pin To Net: NetName=NetC1_2 Pin=C45-2
Added Pin To Net: NetName=3.3V Pin=C46-1
Added Pin To Net: NetName=GND Pin=C47-1
Added Pin To Net: NetName=NetC1_2 Pin=C47-2
Added Pin To Net: NetName=GND Pin=C48-1
Added Pin To Net: NetName=NetC1_2 Pin=C48-2
Added Pin To Net: NetName=3.3V Pin=C49-2
Added Pin To Net: NetName=GND Pin=C50-1
Added Pin To Net: NetName=NetC1_2 Pin=C50-2
Added Pin To Net: NetName=GND Pin=C51-1
Added Pin To Net: NetName=NetLCD1_2 Pin=C51-2
Added Pin To Net: NetName=GND Pin=C52-1
Added Pin To Net: NetName=NetC20_2 Pin=C53-1
Added Pin To Net: NetName=GND Pin=C54-1
Added Pin To Net: NetName=NetLCD1_2 Pin=C54-2
Added Pin To Net: NetName=GND Pin=C56-1
Added Pin To Net: NetName=NetC1_2 Pin=C56-2
Added Pin To Net: NetName=GND Pin=C57-1
Added Pin To Net: NetName=NetC1_2 Pin=C57-2
Added Pin To Net: NetName=NetC1_2 Pin=C58-1
Added Pin To Net: NetName=GND Pin=C58-2
Added Pin To Net: NetName=NetC1_2 Pin=C59-1
Added Pin To Net: NetName=GND Pin=C59-2
Added Pin To Net: NetName=GND Pin=C60-1
Added Pin To Net: NetName=NetU14_12 Pin=C60-2
Added Pin To Net: NetName=GND Pin=C61-1
Added Pin To Net: NetName=NetU14_12 Pin=C61-2
Added Pin To Net: NetName=GND Pin=C62-1
Added Pin To Net: NetName=GND Pin=C63-1
Added Pin To Net: NetName=GND Pin=C64-1
Added Pin To Net: NetName=GND Pin=C65-1
Added Pin To Net: NetName=NetC1_2 Pin=C66-1
Added Pin To Net: NetName=NetC1_2 Pin=C67-1
Added Pin To Net: NetName=NetC1_2 Pin=C68-1
Added Pin To Net: NetName=NetC1_2 Pin=C69-1
Added Pin To Net: NetName=NetLCD1_2 Pin=C70-1
Added Pin To Net: NetName=GND Pin=C70-2
Added Pin To Net: NetName=GND Pin=C72-1
Added Pin To Net: NetName=GND Pin=C74-1
Added Pin To Net: NetName=NetC1_2 Pin=C74-2
Added Pin To Net: NetName=GND Pin=C75-1
Added Pin To Net: NetName=GND Pin=C76-1
Added Pin To Net: NetName=NetC1_2 Pin=C76-2
Added Pin To Net: NetName=GND Pin=C77-1
Added Pin To Net: NetName=GND Pin=C78-1
Added Pin To Net: NetName=GND Pin=D4-2
Added Pin To Net: NetName=GND Pin=D6-2
Added Pin To Net: NetName=GND Pin=D7-2
Added Pin To Net: NetName=GND Pin=D8-2
Added Pin To Net: NetName=GND Pin=J1-5
Added Pin To Net: NetName=GND Pin=J1-6
Added Pin To Net: NetName=GND Pin=J1-7
Added Pin To Net: NetName=GND Pin=J1-8
Added Pin To Net: NetName=GND Pin=J1-10
Added Pin To Net: NetName=GND Pin=J1-11
Added Pin To Net: NetName=NetLCD1_2 Pin=K1-4
Added Pin To Net: NetName=NetLCD1_2 Pin=K2-4
Added Pin To Net: NetName=NetC1_2 Pin=L1-1
Added Pin To Net: NetName=GND Pin=L2-1
Added Pin To Net: NetName=NetLCD1_2 Pin=L3-2
Added Pin To Net: NetName=NetLCD1_2 Pin=L3-2
Added Pin To Net: NetName=NetC1_2 Pin=L4-1
Added Pin To Net: NetName=NetC1_2 Pin=L5-1
Added Pin To Net: NetName=NetLCD1_2 Pin=L6-2
Added Pin To Net: NetName=GND Pin=LCD1-1
Added Pin To Net: NetName=GND Pin=LCD1-16
Added Pin To Net: NetName=GND Pin=LS1-1
Added Pin To Net: NetName=GND Pin=OSC1-2
Added Pin To Net: NetName=NetC1_2 Pin=OSC1-4
Added Pin To Net: NetName=NetLCD1_2 Pin=P1-5
Added Pin To Net: NetName=GND Pin=P3-9
Added Pin To Net: NetName=NetC1_2 Pin=P4-4
Added Pin To Net: NetName=GND Pin=P4-5
Added Pin To Net: NetName=GND Pin=P6-1
Added Pin To Net: NetName=GND Pin=P7-9
Added Pin To Net: NetName=NetC1_2 Pin=P9-17
Added Pin To Net: NetName=GND Pin=P9-18
Added Pin To Net: NetName=GND Pin=P10-9
Added Pin To Net: NetName=NetC1_2 Pin=P11-25
Added Pin To Net: NetName=3.3V Pin=P11-26
Added Pin To Net: NetName=NetLCD1_2 Pin=P11-27
Added Pin To Net: NetName=GND Pin=P11-28
Added Pin To Net: NetName=GND Pin=P12-2
Added Pin To Net: NetName=NetC1_2 Pin=P12-4
Added Pin To Net: NetName=GND Pin=P12-10
Added Pin To Net: NetName=GND Pin=P13-9
Added Pin To Net: NetName=GND Pin=P14-9
Added Pin To Net: NetName=GND Pin=Q1-1
Added Pin To Net: NetName=GND Pin=Q2-1
Added Pin To Net: NetName=GND Pin=Q3-1
Added Pin To Net: NetName=GND Pin=Q4-1
Added Pin To Net: NetName=NetC1_2 Pin=R1-2
Added Pin To Net: NetName=NetC1_2 Pin=R2-2
Added Pin To Net: NetName=GND Pin=R3-1
Added Pin To Net: NetName=NetLCD1_2 Pin=R4-2
Added Pin To Net: NetName=NetLCD1_2 Pin=R5-2
Added Pin To Net: NetName=GND Pin=R6-2
Added Pin To Net: NetName=NetLCD1_2 Pin=R7-2
Added Pin To Net: NetName=NetC1_2 Pin=R8-2
Added Pin To Net: NetName=GND Pin=R9-1
Added Pin To Net: NetName=NetC1_2 Pin=R14-2
Added Pin To Net: NetName=GND Pin=R15-2
Added Pin To Net: NetName=GND Pin=R16-2
Added Pin To Net: NetName=GND Pin=R21-2
Added Pin To Net: NetName=GND Pin=R22-2
Added Pin To Net: NetName=3.3V Pin=R23-2
Added Pin To Net: NetName=NetC1_2 Pin=R24-1
Added Pin To Net: NetName=NetC1_2 Pin=R25-1
Added Pin To Net: NetName=3.3V Pin=R26-2
Added Pin To Net: NetName=3.3V Pin=R27-2
Added Pin To Net: NetName=3.3V Pin=R28-2
Added Pin To Net: NetName=NetLCD1_2 Pin=R29-2
Added Pin To Net: NetName=NetLCD1_2 Pin=R30-2
Added Pin To Net: NetName=NetC20_2 Pin=R35-2
Added Pin To Net: NetName=GND Pin=R38-1
Added Pin To Net: NetName=GND Pin=R39-1
Added Pin To Net: NetName=GND Pin=R40-1
Added Pin To Net: NetName=GND Pin=R41-1
Added Pin To Net: NetName=NetC1_2 Pin=R47-1
Added Pin To Net: NetName=GND Pin=R50-1
Added Pin To Net: NetName=NetC1_2 Pin=R55-2
Added Pin To Net: NetName=NetLCD1_2 Pin=R58-1
Added Pin To Net: NetName=NetC1_2 Pin=S2-9
Added Pin To Net: NetName=NetC1_2 Pin=S2-10
Added Pin To Net: NetName=NetC1_2 Pin=S2-11
Added Pin To Net: NetName=NetC1_2 Pin=S2-12
Added Pin To Net: NetName=NetC1_2 Pin=S2-13
Added Pin To Net: NetName=NetC1_2 Pin=S2-14
Added Pin To Net: NetName=NetC1_2 Pin=S2-15
Added Pin To Net: NetName=NetC1_2 Pin=S2-16
Added Pin To Net: NetName=GND Pin=S3-1
Added Pin To Net: NetName=NetC1_2 Pin=S4-1
Added Pin To Net: NetName=GND Pin=S5-2
Added Pin To Net: NetName=NetC1_2 Pin=S6-2
Added Pin To Net: NetName=NetC1_2 Pin=S7-2
Added Pin To Net: NetName=NetC1_2 Pin=S8-2
Added Pin To Net: NetName=NetC1_2 Pin=S9-2
Added Pin To Net: NetName=GND Pin=U1-1
Added Pin To Net: NetName=GND Pin=U1-8
Added Pin To Net: NetName=GND Pin=U1-14
Added Pin To Net: NetName=GND Pin=U1-25
Added Pin To Net: NetName=GND Pin=U1-30
Added Pin To Net: NetName=GND Pin=U1-41
Added Pin To Net: NetName=GND Pin=U1-47
Added Pin To Net: NetName=GND Pin=U1-53
Added Pin To Net: NetName=GND Pin=U1-54
Added Pin To Net: NetName=GND Pin=U1-55
Added Pin To Net: NetName=GND Pin=U1-56
Added Pin To Net: NetName=GND Pin=U1-59
Added Pin To Net: NetName=GND Pin=U1-66
Added Pin To Net: NetName=GND Pin=U1-75
Added Pin To Net: NetName=GND Pin=U1-82
Added Pin To Net: NetName=GND Pin=U1-91
Added Pin To Net: NetName=GND Pin=U1-99
Added Pin To Net: NetName=GND Pin=U1-105
Added Pin To Net: NetName=GND Pin=U1-112
Added Pin To Net: NetName=GND Pin=U1-118
Added Pin To Net: NetName=GND Pin=U1-129
Added Pin To Net: NetName=GND Pin=U1-134
Added Pin To Net: NetName=GND Pin=U1-145
Added Pin To Net: NetName=GND Pin=U1-151
Added Pin To Net: NetName=GND Pin=U1-157
Added Pin To Net: NetName=GND Pin=U1-163
Added Pin To Net: NetName=GND Pin=U1-170
Added Pin To Net: NetName=GND Pin=U1-179
Added Pin To Net: NetName=GND Pin=U1-186
Added Pin To Net: NetName=GND Pin=U1-195
Added Pin To Net: NetName=GND Pin=U1-202
Added Pin To Net: NetName=GND Pin=U1-206
Added Pin To Net: NetName=GND Pin=U2-9
Added Pin To Net: NetName=NetLCD1_2 Pin=U2-10
Added Pin To Net: NetName=NetC1_2 Pin=U3-1
Added Pin To Net: NetName=GND Pin=U3-18
Added Pin To Net: NetName=NetC1_2 Pin=U3-19
Added Pin To Net: NetName=GND Pin=U3-31
Added Pin To Net: NetName=NetC1_2 Pin=U3-32
Added Pin To Net: NetName=GND Pin=U3-47
Added Pin To Net: NetName=NetC1_2 Pin=U3-48
Added Pin To Net: NetName=GND Pin=U3-63
Added Pin To Net: NetName=NetC1_2 Pin=U3-64
Added Pin To Net: NetName=NetLCD1_2 Pin=U4-4
Added Pin To Net: NetName=GND Pin=U5-1
Added Pin To Net: NetName=NetC1_2 Pin=U5-2
Added Pin To Net: NetName=NetC1_2 Pin=U5-2
Added Pin To Net: NetName=NetLCD1_2 Pin=U5-3
Added Pin To Net: NetName=GND Pin=U6-1
Added Pin To Net: NetName=GND Pin=U6-10
Added Pin To Net: NetName=GND Pin=U6-19
Added Pin To Net: NetName=NetLCD1_2 Pin=U6-20
Added Pin To Net: NetName=GND Pin=U8-1
Added Pin To Net: NetName=3.3V Pin=U8-2
Added Pin To Net: NetName=3.3V Pin=U8-2
Added Pin To Net: NetName=NetC1_2 Pin=U8-3
Added Pin To Net: NetName=GND Pin=U9-1
Added Pin To Net: NetName=GND Pin=U9-2
Added Pin To Net: NetName=GND Pin=U9-3
Added Pin To Net: NetName=GND Pin=U9-4
Added Pin To Net: NetName=GND Pin=U9-7
Added Pin To Net: NetName=NetC1_2 Pin=U9-8
Added Pin To Net: NetName=NetLCD1_2 Pin=U10-4
Added Pin To Net: NetName=GND Pin=U10-7
Added Pin To Net: NetName=GND Pin=U10-18
Added Pin To Net: NetName=NetLCD1_2 Pin=U10-20
Added Pin To Net: NetName=GND Pin=U10-21
Added Pin To Net: NetName=GND Pin=U10-25
Added Pin To Net: NetName=GND Pin=U10-26
Added Pin To Net: NetName=GND Pin=U11-11
Added Pin To Net: NetName=NetC1_2 Pin=U11-18
Added Pin To Net: NetName=NetC1_2 Pin=U11-19
Added Pin To Net: NetName=NetC1_2 Pin=U11-20
Added Pin To Net: NetName=GND Pin=U12-1
Added Pin To Net: NetName=NetC20_2 Pin=U12-2
Added Pin To Net: NetName=NetC20_2 Pin=U12-2
Added Pin To Net: NetName=NetLCD1_2 Pin=U12-3
Added Pin To Net: NetName=NetC1_2 Pin=U13-11
Added Pin To Net: NetName=GND Pin=U13-12
Added Pin To Net: NetName=NetC1_2 Pin=U13-33
Added Pin To Net: NetName=GND Pin=U13-34
Added Pin To Net: NetName=GND Pin=U14-1
Added Pin To Net: NetName=GND Pin=U14-5
Added Pin To Net: NetName=GND Pin=U14-10
Added Pin To Net: NetName=GND Pin=U14-11
Added Pin To Net: NetName=GND Pin=U14-13
Added Pin To Net: NetName=GND Pin=U14-15
Added Pin To Net: NetName=NetC1_2 Pin=U14-20
Added Pin To Net: NetName=GND Pin=U14-25
Added Pin To Net: NetName=NetC1_2 Pin=U14-31
Added Pin To Net: NetName=GND Pin=U14-35
Added Pin To Net: NetName=NetC1_2 Pin=U14-42
Added Pin To Net: NetName=GND Pin=U14-47
Added Pin To Net: NetName=NetU14_12 Pin=U14-49
Added Pin To Net: NetName=NetC1_2 Pin=U14-50
Added Pin To Net: NetName=GND Pin=U14-51
Added Pin To Net: NetName=NetC1_2 Pin=U14-56
Added Pin To Net: NetName=GND Pin=U15-1
Added Pin To Net: NetName=GND Pin=U15-10
Added Pin To Net: NetName=GND Pin=U15-19
Added Pin To Net: NetName=NetLCD1_2 Pin=U15-20
Added Pin To Net: NetName=GND Pin=U16-5
Added Pin To Net: NetName=NetLCD1_2 Pin=U16-8
Added Pin To Net: NetName=GND Pin=U17-15
Added Pin To Net: NetName=NetC1_2 Pin=U17-16
Added Pin To Net: NetName=NetLCD1_2 Pin=USB1-1
Added Pin To Net: NetName=GND Pin=USB1-5
Added Pin To Net: NetName=GND Pin=USB2-5
Change Net Name : Old Net Name=3.3V New Net Name=2.5V
Change Net Name : Old Net Name=NetC1_2 New Net Name=3.3V
Change Net Name : Old Net Name=NetC20_2 New Net Name=1.2V
Change Net Name : Old Net Name=NetLCD1_2 New Net Name=5V
Change Net Name : Old Net Name=NetU14_12 New Net Name=1.8V
Added Pin To Net: NetName=3.3VA Pin=C34-2
Added Pin To Net: NetName=3.3VA Pin=L1-2
Added Pin To Net: NetName=3.3VA Pin=U3-13
Added Net: Name=3.3VA
Added Pin To Net: NetName=GNDA Pin=C34-1
Added Pin To Net: NetName=GNDA Pin=L2-2
Added Pin To Net: NetName=GNDA Pin=U3-12
Added Net: Name=GNDA
