Change Component Designator: OldDesignator=D11 NewDesignator=D12
Change Component Designator: OldDesignator=D12 NewDesignator=D13
Change Component Designator: OldDesignator=D13 NewDesignator=D14
Change Component Designator: OldDesignator=D14 NewDesignator=D15
Change Component Designator: OldDesignator=D15 NewDesignator=D16
Change Component Designator: OldDesignator=D16 NewDesignator=D17
Change Component Designator: OldDesignator=D17 NewDesignator=D18
Change Component Designator: OldDesignator=D18 NewDesignator=D19
Change Component Designator: OldDesignator=R32 NewDesignator=R33
Change Component Designator: OldDesignator=R33 NewDesignator=R34
Change Component Designator: OldDesignator=R34 NewDesignator=R35
Change Component Designator: OldDesignator=R35 NewDesignator=R36
Change Component Designator: OldDesignator=R36 NewDesignator=R37
Change Component Designator: OldDesignator=R37 NewDesignator=R38
Change Component Designator: OldDesignator=R38 NewDesignator=R39
Change Component Designator: OldDesignator=R39 NewDesignator=R40
Change Component Designator: OldDesignator=R40 NewDesignator=R41
Change Component Designator: OldDesignator=R41 NewDesignator=R42
Change Component Designator: OldDesignator=R42 NewDesignator=R43
Change Component Designator: OldDesignator=R43 NewDesignator=R44
Change Component Designator: OldDesignator=R44 NewDesignator=R45
Change Component Designator: OldDesignator=R45 NewDesignator=R46
Change Component Designator: OldDesignator=R46 NewDesignator=R47
Change Component Designator: OldDesignator=R47 NewDesignator=R48
Change Component Designator: OldDesignator=R48 NewDesignator=R49
Change Component Designator: OldDesignator=R49 NewDesignator=R50
Change Component Designator: OldDesignator=R50 NewDesignator=R51
Change Component Designator: OldDesignator=R51 NewDesignator=R52
Change Component Designator: OldDesignator=R52 NewDesignator=R53
Change Component Designator: OldDesignator=R53 NewDesignator=R54
Change Component Designator: OldDesignator=R54 NewDesignator=R55
Change Component Designator: OldDesignator=R55 NewDesignator=R56
Change Component Designator: OldDesignator=R56 NewDesignator=R57
Change Component Designator: OldDesignator=R57 NewDesignator=R58
Change Component Designator: OldDesignator=R58 NewDesignator=R59
Change Component Designator: OldDesignator=R59 NewDesignator=R60
Change Component Designator: OldDesignator=R60 NewDesignator=R61
Change Component Designator: OldDesignator=S1 NewDesignator=S2
Change Component Designator: OldDesignator=S2 NewDesignator=S1
Added Component: Designator=D11(Led0805)
Add component. Clean all parameters for all variants
Add component (AddParameter): Name = "LatestRevisionDate"; Value = "08-Jul-2005"; VariantName = "[No Variations]"
Add component (AddParameter): Name = "LatestRevisionNote"; Value = "Mech Layer 1 removed."; VariantName = "[No Variations]"
Add component (AddParameter): Name = "PackageDescription"; Value = "LED; 2 Leads"; VariantName = "[No Variations]"
Add component (AddParameter): Name = "PackageReference"; Value = "LED-0"; VariantName = "[No Variations]"
Add component (AddParameter): Name = "Published"; Value = "8-Jun-2000"; VariantName = "[No Variations]"
Add component (AddParameter): Name = "Publisher"; Value = "Altium Limited"; VariantName = "[No Variations]"
Added Component: Designator=R32(SMD_805)
Add component. Clean all parameters for all variants
Add component (AddParameter): Name = "LatestRevisionDate"; Value = "17-Jul-2002"; VariantName = "[No Variations]"
Add component (AddParameter): Name = "LatestRevisionNote"; Value = "Re-released for DXP Platform."; VariantName = "[No Variations]"
Add component (AddParameter): Name = "PackageDescription"; Value = "Axial Device, Thru-Hole; 2 Leads; 0.3 in Pin Spacing"; VariantName = "[No Variations]"
Add component (AddParameter): Name = "PackageReference"; Value = "AXIAL-0.3"; VariantName = "[No Variations]"
Add component (AddParameter): Name = "Published"; Value = "8-Jun-2000"; VariantName = "[No Variations]"
Add component (AddParameter): Name = "Publisher"; Value = "Altium Limited"; VariantName = "[No Variations]"
Add component (AddParameter): Name = "Value"; Value = "1.5K"; VariantName = "[No Variations]"
Added Pin To Net: NetName=GND Pin=D11-2
Added Pin To Net: NetName=1.2V Pin=R32-2
Change Net Name : Old Net Name=NetD11_2 New Net Name=NetD12_2
Change Net Name : Old Net Name=NetD12_2 New Net Name=NetD13_2
Change Net Name : Old Net Name=NetD13_2 New Net Name=NetD14_2
Change Net Name : Old Net Name=NetD14_2 New Net Name=NetD15_2
Change Net Name : Old Net Name=NetD15_2 New Net Name=NetD16_2
Change Net Name : Old Net Name=NetD16_2 New Net Name=NetD17_2
Change Net Name : Old Net Name=NetD17_2 New Net Name=NetD18_2
Change Net Name : Old Net Name=NetD18_2 New Net Name=NetD19_2
Change Net Name : Old Net Name=NetR32_1 New Net Name=NetR33_1
Change Net Name : Old Net Name=NetR32_2 New Net Name=NetR33_2
Change Net Name : Old Net Name=NetR33_1 New Net Name=NetR34_1
Change Net Name : Old Net Name=NetR34_1 New Net Name=NetR35_1
Change Net Name : Old Net Name=NetR42_1 New Net Name=NetR43_1
Change Net Name : Old Net Name=NetR42_2 New Net Name=NetR43_2
Change Net Name : Old Net Name=NetR45_1 New Net Name=NetR46_1
Change Net Name : Old Net Name=NetR45_2 New Net Name=NetR46_2
Change Net Name : Old Net Name=NetR47_2 New Net Name=NetR48_2
Change Net Name : Old Net Name=NetR50_2 New Net Name=NetR51_2
Change Net Name : Old Net Name=NetR58_2 New Net Name=NetR59_2
Change Net Name : Old Net Name=NetR59_2 New Net Name=NetR60_2
Added Pin To Net: NetName=NetD11_1 Pin=D11-1
Added Pin To Net: NetName=NetD11_1 Pin=R32-1
Added Net: Name=NetD11_1
Added Member To Class: ClassName=FPGA1 Member=Component D19 LED0
Added Member To Class: ClassName=FPGA1 Member=Component R61 
Added Room: Name=FPGA1
