Change Component Footprint: Designator=U15 Old Footprint=DIP20 New Footprint=DIP_20
Change Component Footprint: Designator=D3 Old Footprint=DO-41 New Footprint=TVS
Change Component Footprint: Designator=D5 Old Footprint=DO-204AL New Footprint=1N5822
Change Component Footprint: Designator=J2 Old Footprint=DSUB1.385-2H9 New Footprint=COM_3d
Change Component Footprint: Designator=P3 Old Footprint=HDR1X9 New Footprint=Aray 9
Change Component Footprint: Designator=P10 Old Footprint=HDR1X9 New Footprint=Aray 9
Change Component Footprint: Designator=P13 Old Footprint=HDR1X9 New Footprint=Aray 9
Change Component Footprint: Designator=P14 Old Footprint=HDR1X9 New Footprint=Aray 9
Change Component Footprint: Designator=P12 Old Footprint=HDR2X5 New Footprint=BOX2x5
Change Component Footprint: Designator=U17 Old Footprint=PE16 New Footprint=DIP_16
Change Component Footprint: Designator=C71 Old Footprint=POLAR0.8 New Footprint=C_B
Change Component Footprint: Designator=C72 Old Footprint=POLAR0.8 New Footprint=C_B
Change Component Footprint: Designator=C73 Old Footprint=POLAR0.8 New Footprint=C_B
Change Component Footprint: Designator=C77 Old Footprint=POLAR0.8 New Footprint=C_B
Change Component Footprint: Designator=U1 Old Footprint=PQ208_N New Footprint=XC3S400_PQ208
Change Component Footprint: Designator=C35 Old Footprint=SMD_805 New Footprint=C_CYL_SMD2
Change Component Footprint: Designator=L3 Old Footprint=smd_805 New Footprint=INDUC_SMD
Change Component Footprint: Designator=U4 Old Footprint=T05A New Footprint=LM2576_SMD
Change Component Footprint: Designator=U11 Old Footprint=VO20_N New Footprint=XCF02S
Change component parameters: Designator = "L3"; Footprint = "INDUC_SMD"; UniqueID = "\DKWTPCCI"
Change component parameters. Clean all parameters for all variants
Change component parameters (AddParameter): Name = "Code_IEC"; Value = "1005"; VariantName = "[No Variations]"
Change component parameters (AddParameter): Name = "Code_JEITA"; Value = "0402"; VariantName = "[No Variations]"
Change component parameters (AddParameter): Name = "LatestRevisionDate"; Value = "29-May-2009"; VariantName = "[No Variations]"
Change component parameters (AddParameter): Name = "LatestRevisionNote"; Value = "IPC-7351 Footprint Added."; VariantName = "[No Variations]"
Change component parameters (AddParameter): Name = "PackageDescription"; Value = "Chip Inductor"; VariantName = "[No Variations]"
Change component parameters (AddParameter): Name = "PackageReference"; Value = "0402-A"; VariantName = "[No Variations]"
Change component parameters (AddParameter): Name = "Published"; Value = "8-Jun-2000"; VariantName = "[No Variations]"
Change component parameters (AddParameter): Name = "Publisher"; Value = "Altium Limited"; VariantName = "[No Variations]"
Change component parameters (AddParameter): Name = "Value"; Value = "100mH-3A"; VariantName = "[No Variations]"
